{"/Users/james/Coding/tech-tests/top_3_words_kata/src/scripts/topWords.js": {"path":"/Users/james/Coding/tech-tests/top_3_words_kata/src/scripts/topWords.js","statementMap":{"0":{"start":{"line":1,"column":38},"end":{"line":1,"column":50}},"1":{"start":{"line":2,"column":0},"end":{"line":6,"column":1}},"2":{"start":{"line":3,"column":2},"end":{"line":5,"column":4}},"3":{"start":{"line":11,"column":4},"end":{"line":11,"column":35}},"4":{"start":{"line":13,"column":0},"end":{"line":26,"column":2}},"5":{"start":{"line":14,"column":2},"end":{"line":25,"column":3}},"6":{"start":{"line":15,"column":4},"end":{"line":17,"column":5}},"7":{"start":{"line":16,"column":6},"end":{"line":16,"column":58}},"8":{"start":{"line":18,"column":28},"end":{"line":18,"column":50}},"9":{"start":{"line":19,"column":23},"end":{"line":19,"column":64}},"10":{"start":{"line":20,"column":21},"end":{"line":20,"column":60}},"11":{"start":{"line":21,"column":4},"end":{"line":21,"column":58}},"12":{"start":{"line":22,"column":4},"end":{"line":22,"column":20}},"13":{"start":{"line":24,"column":4},"end":{"line":24,"column":27}},"14":{"start":{"line":28,"column":0},"end":{"line":33,"column":1}},"15":{"start":{"line":29,"column":2},"end":{"line":29,"column":38}},"16":{"start":{"line":31,"column":2},"end":{"line":31,"column":33}},"17":{"start":{"line":32,"column":2},"end":{"line":32,"column":36}}},"fnMap":{"0":{"name":"(anonymous_0)","decl":{"start":{"line":13,"column":21},"end":{"line":13,"column":22}},"loc":{"start":{"line":13,"column":54},"end":{"line":26,"column":1}},"line":13}},"branchMap":{"0":{"loc":{"start":{"line":2,"column":0},"end":{"line":6,"column":1}},"type":"if","locations":[{"start":{"line":2,"column":0},"end":{"line":6,"column":1}},{"start":{"line":2,"column":0},"end":{"line":6,"column":1}}],"line":2},"1":{"loc":{"start":{"line":13,"column":32},"end":{"line":13,"column":49}},"type":"default-arg","locations":[{"start":{"line":13,"column":48},"end":{"line":13,"column":49}}],"line":13},"2":{"loc":{"start":{"line":15,"column":4},"end":{"line":17,"column":5}},"type":"if","locations":[{"start":{"line":15,"column":4},"end":{"line":17,"column":5}},{"start":{"line":15,"column":4},"end":{"line":17,"column":5}}],"line":15},"3":{"loc":{"start":{"line":28,"column":0},"end":{"line":33,"column":1}},"type":"if","locations":[{"start":{"line":28,"column":0},"end":{"line":33,"column":1}},{"start":{"line":28,"column":0},"end":{"line":33,"column":1}}],"line":28}},"s":{"0":1,"1":1,"2":0,"3":1,"4":1,"5":6,"6":6,"7":1,"8":5,"9":5,"10":5,"11":5,"12":5,"13":1,"14":1,"15":0,"16":1,"17":1},"f":{"0":6},"b":{"0":[0,1],"1":[3],"2":[1,5],"3":[0,1]},"_coverageSchema":"1a1c01bbd47fc00a2c39e90264f33305004495a9","hash":"fa841dae78722dfc961bffce0b21757744d7e98a"}
,"/Users/james/Coding/tech-tests/top_3_words_kata/src/utils/topWords.js": {"path":"/Users/james/Coding/tech-tests/top_3_words_kata/src/utils/topWords.js","statementMap":{"0":{"start":{"line":1,"column":0},"end":{"line":11,"column":2}},"1":{"start":{"line":2,"column":34},"end":{"line":2,"column":64}},"2":{"start":{"line":3,"column":38},"end":{"line":3,"column":47}},"3":{"start":{"line":4,"column":35},"end":{"line":4,"column":78}},"4":{"start":{"line":5,"column":39},"end":{"line":8,"column":3}},"5":{"start":{"line":9,"column":26},"end":{"line":9,"column":68}},"6":{"start":{"line":10,"column":2},"end":{"line":10,"column":25}},"7":{"start":{"line":13,"column":29},"end":{"line":17,"column":1}},"8":{"start":{"line":15,"column":4},"end":{"line":15,"column":61}},"9":{"start":{"line":15,"column":34},"end":{"line":15,"column":49}},"10":{"start":{"line":16,"column":2},"end":{"line":16,"column":30}},"11":{"start":{"line":19,"column":28},"end":{"line":25,"column":1}},"12":{"start":{"line":20,"column":2},"end":{"line":24,"column":7}},"13":{"start":{"line":21,"column":19},"end":{"line":21,"column":34}},"14":{"start":{"line":23,"column":6},"end":{"line":23,"column":41}},"15":{"start":{"line":27,"column":25},"end":{"line":32,"column":1}},"16":{"start":{"line":28,"column":22},"end":{"line":30,"column":4}},"17":{"start":{"line":29,"column":4},"end":{"line":29,"column":29}},"18":{"start":{"line":31,"column":2},"end":{"line":31,"column":21}},"19":{"start":{"line":34,"column":0},"end":{"line":46,"column":2}},"20":{"start":{"line":35,"column":22},"end":{"line":35,"column":39}},"21":{"start":{"line":36,"column":24},"end":{"line":36,"column":26}},"22":{"start":{"line":37,"column":2},"end":{"line":43,"column":5}},"23":{"start":{"line":38,"column":4},"end":{"line":42,"column":5}},"24":{"start":{"line":39,"column":6},"end":{"line":39,"column":52}},"25":{"start":{"line":41,"column":6},"end":{"line":41,"column":53}},"26":{"start":{"line":44,"column":28},"end":{"line":44,"column":61}},"27":{"start":{"line":45,"column":2},"end":{"line":45,"column":27}},"28":{"start":{"line":48,"column":0},"end":{"line":55,"column":2}},"29":{"start":{"line":49,"column":2},"end":{"line":49,"column":41}},"30":{"start":{"line":50,"column":24},"end":{"line":50,"column":58}},"31":{"start":{"line":51,"column":2},"end":{"line":51,"column":31}},"32":{"start":{"line":52,"column":24},"end":{"line":52,"column":56}},"33":{"start":{"line":52,"column":49},"end":{"line":52,"column":55}},"34":{"start":{"line":53,"column":2},"end":{"line":53,"column":29}},"35":{"start":{"line":54,"column":2},"end":{"line":54,"column":23}}},"fnMap":{"0":{"name":"(anonymous_0)","decl":{"start":{"line":1,"column":30},"end":{"line":1,"column":31}},"loc":{"start":{"line":1,"column":42},"end":{"line":11,"column":1}},"line":1},"1":{"name":"(anonymous_1)","decl":{"start":{"line":13,"column":29},"end":{"line":13,"column":30}},"loc":{"start":{"line":13,"column":56},"end":{"line":17,"column":1}},"line":13},"2":{"name":"(anonymous_2)","decl":{"start":{"line":15,"column":27},"end":{"line":15,"column":28}},"loc":{"start":{"line":15,"column":34},"end":{"line":15,"column":49}},"line":15},"3":{"name":"(anonymous_3)","decl":{"start":{"line":19,"column":28},"end":{"line":19,"column":29}},"loc":{"start":{"line":19,"column":71},"end":{"line":25,"column":1}},"line":19},"4":{"name":"(anonymous_4)","decl":{"start":{"line":21,"column":12},"end":{"line":21,"column":13}},"loc":{"start":{"line":21,"column":19},"end":{"line":21,"column":34}},"line":21},"5":{"name":"(anonymous_5)","decl":{"start":{"line":22,"column":9},"end":{"line":22,"column":10}},"loc":{"start":{"line":22,"column":16},"end":{"line":24,"column":5}},"line":22},"6":{"name":"(anonymous_6)","decl":{"start":{"line":27,"column":25},"end":{"line":27,"column":26}},"loc":{"start":{"line":27,"column":46},"end":{"line":32,"column":1}},"line":27},"7":{"name":"(anonymous_7)","decl":{"start":{"line":28,"column":43},"end":{"line":28,"column":44}},"loc":{"start":{"line":28,"column":53},"end":{"line":30,"column":3}},"line":28},"8":{"name":"(anonymous_8)","decl":{"start":{"line":34,"column":42},"end":{"line":34,"column":43}},"loc":{"start":{"line":34,"column":54},"end":{"line":46,"column":1}},"line":34},"9":{"name":"(anonymous_9)","decl":{"start":{"line":37,"column":18},"end":{"line":37,"column":19}},"loc":{"start":{"line":37,"column":28},"end":{"line":43,"column":3}},"line":37},"10":{"name":"(anonymous_10)","decl":{"start":{"line":48,"column":30},"end":{"line":48,"column":31}},"loc":{"start":{"line":48,"column":61},"end":{"line":55,"column":1}},"line":48},"11":{"name":"(anonymous_11)","decl":{"start":{"line":52,"column":42},"end":{"line":52,"column":43}},"loc":{"start":{"line":52,"column":49},"end":{"line":52,"column":55}},"line":52}},"branchMap":{"0":{"loc":{"start":{"line":38,"column":4},"end":{"line":42,"column":5}},"type":"if","locations":[{"start":{"line":38,"column":4},"end":{"line":42,"column":5}},{"start":{"line":38,"column":4},"end":{"line":42,"column":5}}],"line":38}},"s":{"0":2,"1":6,"2":6,"3":6,"4":6,"5":6,"6":6,"7":2,"8":197,"9":5113,"10":197,"11":2,"12":59,"13":1309,"14":59,"15":2,"16":6,"17":530,"18":6,"19":2,"20":6,"21":6,"22":6,"23":197,"24":59,"25":138,"26":6,"27":6,"28":2,"29":6,"30":6,"31":6,"32":6,"33":16,"34":6,"35":6},"f":{"0":6,"1":197,"2":5113,"3":59,"4":1309,"5":59,"6":6,"7":530,"8":6,"9":197,"10":6,"11":16},"b":{"0":[59,138]},"_coverageSchema":"1a1c01bbd47fc00a2c39e90264f33305004495a9","hash":"2668ee13ed0b8503ae0ad1c49dc2194566b1d456"}
}
