TN:
SF:src/scripts/topWords.js
FN:13,(anonymous_0)
FNF:1
FNH:1
FNDA:6,(anonymous_0)
DA:1,1
DA:2,1
DA:3,0
DA:11,1
DA:13,1
DA:14,6
DA:15,6
DA:16,1
DA:18,5
DA:19,5
DA:20,5
DA:21,5
DA:22,5
DA:24,1
DA:28,1
DA:29,0
DA:31,1
DA:32,1
LF:18
LH:16
BRDA:2,0,0,0
BRDA:2,0,1,1
BRDA:13,1,0,3
BRDA:15,2,0,1
BRDA:15,2,1,5
BRDA:28,3,0,0
BRDA:28,3,1,1
BRF:7
BRH:5
end_of_record
TN:
SF:src/utils/topWords.js
FN:1,(anonymous_0)
FN:13,(anonymous_1)
FN:15,(anonymous_2)
FN:19,(anonymous_3)
FN:21,(anonymous_4)
FN:22,(anonymous_5)
FN:27,(anonymous_6)
FN:28,(anonymous_7)
FN:34,(anonymous_8)
FN:37,(anonymous_9)
FN:48,(anonymous_10)
FN:52,(anonymous_11)
FNF:12
FNH:12
FNDA:6,(anonymous_0)
FNDA:197,(anonymous_1)
FNDA:5113,(anonymous_2)
FNDA:59,(anonymous_3)
FNDA:1309,(anonymous_4)
FNDA:59,(anonymous_5)
FNDA:6,(anonymous_6)
FNDA:530,(anonymous_7)
FNDA:6,(anonymous_8)
FNDA:197,(anonymous_9)
FNDA:6,(anonymous_10)
FNDA:16,(anonymous_11)
DA:1,2
DA:2,6
DA:3,6
DA:4,6
DA:5,6
DA:9,6
DA:10,6
DA:13,2
DA:15,5113
DA:16,197
DA:19,2
DA:20,59
DA:21,1309
DA:23,59
DA:27,2
DA:28,6
DA:29,530
DA:31,6
DA:34,2
DA:35,6
DA:36,6
DA:37,6
DA:38,197
DA:39,59
DA:41,138
DA:44,6
DA:45,6
DA:48,2
DA:49,6
DA:50,6
DA:51,6
DA:52,16
DA:53,6
DA:54,6
LF:34
LH:34
BRDA:38,0,0,59
BRDA:38,0,1,138
BRF:2
BRH:2
end_of_record
